<?xml version="1.0" encoding="UTF-8"?>
<!-- Generated by org.testng.reporters.JUnitReportReporter -->
<testsuite hostname="SowmyaST136" failures="0" tests="4" name="com.OpenCart.test.RegistrationPageTest" time="11.164" errors="0" timestamp="28 Jul 2022 11:04:12 GMT" skipped="0">
  <testcase classname="com.OpenCart.test.RegistrationPageTest" name="userRegistrationTest" time="2.461"/>
  <testcase classname="com.OpenCart.test.RegistrationPageTest" name="userRegistrationTest" time="2.195"/>
  <testcase classname="com.OpenCart.test.RegistrationPageTest" name="userRegistrationTest" time="2.578"/>
  <testcase classname="com.OpenCart.test.RegistrationPageTest" name="userRegistrationTest" time="3.930"/>
</testsuite> <!-- com.OpenCart.test.RegistrationPageTest -->
