<?xml version="1.0" encoding="UTF-8"?>
<!-- Generated by org.testng.reporters.JUnitReportReporter -->
<testsuite hostname="SowmyaST136" failures="0" tests="3" name="com.OpenCart.test.LoginNegativeTest" time="1.921" errors="0" timestamp="28 Jul 2022 11:04:12 GMT" skipped="0">
  <testcase classname="com.OpenCart.test.LoginNegativeTest" name="loginNegativeTest" time="0.471"/>
  <testcase classname="com.OpenCart.test.LoginNegativeTest" name="loginNegativeTest" time="0.525"/>
  <testcase classname="com.OpenCart.test.LoginNegativeTest" name="loginNegativeTest" time="0.925"/>
</testsuite> <!-- com.OpenCart.test.LoginNegativeTest -->
