<?xml version="1.0" encoding="UTF-8"?>
<!-- Generated by org.testng.reporters.JUnitReportReporter -->
<testsuite hostname="SowmyaST136" failures="0" tests="4" name="com.OpenCart.test.RegistrationPageTest" time="15.042" errors="0" timestamp="31 Jul 2022 10:22:59 GMT" skipped="0">
  <testcase classname="com.OpenCart.test.RegistrationPageTest" name="userRegistrationTest" time="3.338"/>
  <testcase classname="com.OpenCart.test.RegistrationPageTest" name="userRegistrationTest" time="3.369"/>
  <testcase classname="com.OpenCart.test.RegistrationPageTest" name="userRegistrationTest" time="4.466"/>
  <testcase classname="com.OpenCart.test.RegistrationPageTest" name="userRegistrationTest" time="3.869"/>
</testsuite> <!-- com.OpenCart.test.RegistrationPageTest -->
