<?xml version="1.0" encoding="UTF-8"?>
<!-- Generated by org.testng.reporters.JUnitReportReporter -->
<testsuite hostname="SowmyaST136" failures="0" tests="3" name="com.OpenCart.test.AccountsPageTest" time="0.171" errors="0" timestamp="28 Jul 2022 11:04:12 GMT" skipped="0">
  <testcase classname="com.OpenCart.test.AccountsPageTest" name="accPageHeaderTest" time="0.035"/>
  <testcase classname="com.OpenCart.test.AccountsPageTest" name="accountPageTitleTest" time="0.015"/>
  <testcase classname="com.OpenCart.test.AccountsPageTest" name="accountSectionListTest" time="0.121"/>
</testsuite> <!-- com.OpenCart.test.AccountsPageTest -->
