<?xml version="1.0" encoding="UTF-8"?>
<!-- Generated by org.testng.reporters.JUnitReportReporter -->
<testsuite hostname="SowmyaST136" failures="0" tests="3" name="com.OpenCart.test.LoginPageTest" time="0.131" errors="0" timestamp="28 Jul 2022 11:04:12 GMT" skipped="0">
  <testcase classname="com.OpenCart.test.LoginPageTest" name="logiPageTitleTest" time="0.080"/>
  <testcase classname="com.OpenCart.test.LoginPageTest" name="loginPageUrlTest" time="0.008"/>
  <testcase classname="com.OpenCart.test.LoginPageTest" name="forgotPwdLinkTest" time="0.043"/>
</testsuite> <!-- com.OpenCart.test.LoginPageTest -->
