<?xml version="1.0" encoding="UTF-8"?>
<!-- Generated by org.testng.reporters.JUnitReportReporter -->
<testsuite hostname="SowmyaST136" failures="0" tests="3" name="com.OpenCart.test.LoginNegativeTest" time="2.643" errors="0" timestamp="31 Jul 2022 10:22:59 GMT" skipped="0">
  <testcase classname="com.OpenCart.test.LoginNegativeTest" name="loginNegativeTest" time="0.909"/>
  <testcase classname="com.OpenCart.test.LoginNegativeTest" name="loginNegativeTest" time="0.861"/>
  <testcase classname="com.OpenCart.test.LoginNegativeTest" name="loginNegativeTest" time="0.873"/>
</testsuite> <!-- com.OpenCart.test.LoginNegativeTest -->
