<?xml version="1.0" encoding="UTF-8"?>
<!-- Generated by org.testng.reporters.JUnitReportReporter -->
<testsuite hostname="SowmyaST136" failures="0" tests="3" name="com.OpenCart.test.AccountsPageTest" time="0.298" errors="0" timestamp="31 Jul 2022 10:22:59 GMT" skipped="0">
  <testcase classname="com.OpenCart.test.AccountsPageTest" name="accPageHeaderTest" time="0.057"/>
  <testcase classname="com.OpenCart.test.AccountsPageTest" name="accountPageTitleTest" time="0.020"/>
  <testcase classname="com.OpenCart.test.AccountsPageTest" name="accountSectionListTest" time="0.221"/>
</testsuite> <!-- com.OpenCart.test.AccountsPageTest -->
